<?xml version="1.0" encoding="UTF-8"?>
<!-- Generated by org.testng.reporters.JUnitXMLReporter -->
<testsuite hostname="Admin_SRV-PC" ignored="0" name="Testfirefox" tests="11" failures="0" timestamp="2022-04-14T20:34:31 IST" time="69.334" errors="0">
  <testcase name="finaldata" time="9.445" classname="Tests.Dataproviderdemo1"/>
  <testcase name="finaldata" time="6.142" classname="Tests.Dataproviderdemo1"/>
  <testcase name="finaldata" time="2.999" classname="Tests.Dataproviderdemo1"/>
  <testcase name="finaldata" time="3.321" classname="Tests.Dataproviderdemo1"/>
  <testcase name="finaldata" time="2.96" classname="Tests.Dataproviderdemo1"/>
  <testcase name="finaldata" time="3.223" classname="Tests.Dataproviderdemo1"/>
  <testcase name="finaldata" time="2.992" classname="Tests.Dataproviderdemo1"/>
  <testcase name="finaldata" time="2.997" classname="Tests.Dataproviderdemo1"/>
  <testcase name="finaldata" time="2.952" classname="Tests.Dataproviderdemo1"/>
  <testcase name="finaldata" time="2.597" classname="Tests.Dataproviderdemo1"/>
  <testcase name="finaldata" time="3.026" classname="Tests.Dataproviderdemo1"/>
</testsuite> <!-- Testfirefox -->
