<?xml version="1.0" encoding="UTF-8"?>
<!-- Generated by org.testng.reporters.JUnitXMLReporter -->
<testsuite hostname="Admin_SRV-PC" ignored="0" name="Testchrome" tests="11" failures="0" timestamp="2022-04-14T20:35:12 IST" time="110.719" errors="0">
  <testcase name="finaldata" time="7.903" classname="Tests.Dataproviderdemo1"/>
  <testcase name="finaldata" time="3.033" classname="Tests.Dataproviderdemo1"/>
  <testcase name="finaldata" time="2.933" classname="Tests.Dataproviderdemo1"/>
  <testcase name="finaldata" time="3.548" classname="Tests.Dataproviderdemo1"/>
  <testcase name="finaldata" time="3.225" classname="Tests.Dataproviderdemo1"/>
  <testcase name="finaldata" time="2.891" classname="Tests.Dataproviderdemo1"/>
  <testcase name="finaldata" time="3.665" classname="Tests.Dataproviderdemo1"/>
  <testcase name="finaldata" time="3.164" classname="Tests.Dataproviderdemo1"/>
  <testcase name="finaldata" time="3.175" classname="Tests.Dataproviderdemo1"/>
  <testcase name="finaldata" time="3.352" classname="Tests.Dataproviderdemo1"/>
  <testcase name="finaldata" time="2.942" classname="Tests.Dataproviderdemo1"/>
</testsuite> <!-- Testchrome -->
