<?xml version="1.0" encoding="UTF-8"?>
<!-- Generated by org.testng.reporters.JUnitXMLReporter -->
<testsuite hostname="Admin_SRV-PC" ignored="0" name="TestFirefox" tests="11" failures="0" timestamp="2022-04-11T09:14:28 IST" time="61.854" errors="0">
  <testcase name="finaldata" time="5.444" classname="Tests.multibrowserdemo"/>
  <testcase name="finaldata" time="3.035" classname="Tests.multibrowserdemo"/>
  <testcase name="finaldata" time="2.987" classname="Tests.multibrowserdemo"/>
  <testcase name="finaldata" time="3.001" classname="Tests.multibrowserdemo"/>
  <testcase name="finaldata" time="2.938" classname="Tests.multibrowserdemo"/>
  <testcase name="finaldata" time="3.061" classname="Tests.multibrowserdemo"/>
  <testcase name="finaldata" time="3.508" classname="Tests.multibrowserdemo"/>
  <testcase name="finaldata" time="2.705" classname="Tests.multibrowserdemo"/>
  <testcase name="finaldata" time="2.965" classname="Tests.multibrowserdemo"/>
  <testcase name="finaldata" time="2.985" classname="Tests.multibrowserdemo"/>
  <testcase name="finaldata" time="2.972" classname="Tests.multibrowserdemo"/>
</testsuite> <!-- TestFirefox -->
