<?xml version="1.0" encoding="UTF-8"?>
<!-- Generated by org.testng.reporters.JUnitXMLReporter -->
<testsuite hostname="Admin_SRV-PC" ignored="3" name="Test" tests="2" failures="0" timestamp="2022-04-11T10:01:32 IST" time="0.069" errors="0">
  <testcase name="test1" time="0.011" classname="Demo.TestngGroupdemo"/>
  <testcase name="test2" time="0.001" classname="Demo.TestngGroupdemo"/>
  <testcase name="test5" time="0.0" classname="Demo.TestngGroupdemo">
    <ignored/>
  </testcase> <!-- test5 -->
  <testcase name="test3" time="0.0" classname="Demo.TestngGroupdemo">
    <ignored/>
  </testcase> <!-- test3 -->
  <testcase name="test4" time="0.0" classname="Demo.TestngGroupdemo">
    <ignored/>
  </testcase> <!-- test4 -->
</testsuite> <!-- Test -->
