<?xml version="1.0" encoding="UTF-8"?>
<!-- Generated by org.testng.reporters.JUnitXMLReporter -->
<testsuite hostname="Admin_SRV-PC" ignored="0" name="Testchrome" tests="11" failures="0" timestamp="2022-04-11T09:15:15 IST" time="109.052" errors="0">
  <testcase name="finaldata" time="8.236" classname="Tests.multibrowserdemo"/>
  <testcase name="finaldata" time="3.105" classname="Tests.multibrowserdemo"/>
  <testcase name="finaldata" time="3.14" classname="Tests.multibrowserdemo"/>
  <testcase name="finaldata" time="2.968" classname="Tests.multibrowserdemo"/>
  <testcase name="finaldata" time="3.631" classname="Tests.multibrowserdemo"/>
  <testcase name="finaldata" time="2.989" classname="Tests.multibrowserdemo"/>
  <testcase name="finaldata" time="2.942" classname="Tests.multibrowserdemo"/>
  <testcase name="finaldata" time="2.936" classname="Tests.multibrowserdemo"/>
  <testcase name="finaldata" time="3.014" classname="Tests.multibrowserdemo"/>
  <testcase name="finaldata" time="2.939" classname="Tests.multibrowserdemo"/>
  <testcase name="finaldata" time="2.948" classname="Tests.multibrowserdemo"/>
</testsuite> <!-- Testchrome -->
