<?xml version="1.0" encoding="UTF-8"?>
<!-- Generated by org.testng.reporters.JUnitXMLReporter -->
<testsuite hostname="Admin_SRV-PC" ignored="0" name="Test" tests="4" failures="0" timestamp="2022-04-13T09:33:29 IST" time="0.116" errors="0">
  <testcase name="test1" time="0.017" classname="Listners.TestNGlistnerdemo"/>
  <testcase name="test2" time="0.003" classname="Listners.TestNGlistnerdemo"/>
  <testcase name="test3" time="0.003" classname="Listners.TestNGlistnerdemo"/>
  <testcase name="test4" time="0.003" classname="Listners.TestNGlistnerdemo"/>
</testsuite> <!-- Test -->
