<?xml version="1.0" encoding="UTF-8"?>
<!-- Generated by org.testng.reporters.JUnitXMLReporter -->
<testsuite hostname="Admin_SRV-PC" ignored="0" name="Default test" tests="4" failures="0" timestamp="2022-04-10T16:47:07 IST" time="0.09" errors="0">
  <testcase name="four" time="0.01" classname="Demo.TestPriority_demo"/>
  <testcase name="one" time="0.0" classname="Demo.TestPriority_demo"/>
  <testcase name="three" time="0.0" classname="Demo.TestPriority_demo"/>
  <testcase name="two" time="0.005" classname="Demo.TestPriority_demo"/>
</testsuite> <!-- Default test -->
