<?xml version="1.0" encoding="UTF-8"?>
<!-- Generated by org.testng.reporters.JUnitXMLReporter -->
<testsuite hostname="Admin_SRV-PC" ignored="0" name="Default test" tests="11" failures="0" timestamp="2022-04-12T10:05:18 IST" time="1.185" errors="0">
  <testcase name="finaldata" time="0.005" classname="Demo.Demoprovidedata"/>
  <testcase name="finaldata" time="0.0" classname="Demo.Demoprovidedata"/>
  <testcase name="finaldata" time="0.001" classname="Demo.Demoprovidedata"/>
  <testcase name="finaldata" time="0.0" classname="Demo.Demoprovidedata"/>
  <testcase name="finaldata" time="0.0" classname="Demo.Demoprovidedata"/>
  <testcase name="finaldata" time="0.0" classname="Demo.Demoprovidedata"/>
  <testcase name="finaldata" time="0.0" classname="Demo.Demoprovidedata"/>
  <testcase name="finaldata" time="0.0" classname="Demo.Demoprovidedata"/>
  <testcase name="finaldata" time="0.0" classname="Demo.Demoprovidedata"/>
  <testcase name="finaldata" time="0.005" classname="Demo.Demoprovidedata"/>
  <testcase name="finaldata" time="0.0" classname="Demo.Demoprovidedata"/>
</testsuite> <!-- Default test -->
