<?xml version="1.0" encoding="UTF-8"?>
<!-- Generated by org.testng.reporters.JUnitXMLReporter -->
<testsuite hostname="Admin_SRV-PC" ignored="0" name="Default test" tests="6" failures="0" timestamp="2022-04-11T10:30:51 IST" time="0.089" errors="0">
  <testcase name="test2" time="0.012" classname="Demo.Dependencytestng"/>
  <testcase name="test3" time="0.005" classname="Demo.Dependencytestng"/>
  <testcase name="test1" time="0.001" classname="Demo.Dependencytestng"/>
  <testcase name="test5" time="0.001" classname="Demo.Dependencytestng"/>
  <testcase name="test6" time="0.001" classname="Demo.Dependencytestng"/>
  <testcase name="test4" time="0.002" classname="Demo.Dependencytestng"/>
</testsuite> <!-- Default test -->
