<?xml version="1.0" encoding="UTF-8"?>
<!-- Generated by org.testng.reporters.JUnitXMLReporter -->
<testsuite hostname="Admin_SRV-PC" ignored="0" name="Default test" tests="10" failures="0" timestamp="2022-04-09T10:05:48 IST" time="1.398" errors="0">
  <testcase name="testdata" time="0.003" classname="Utils.Dataproviderutils"/>
  <testcase name="testdata" time="0.0" classname="Utils.Dataproviderutils"/>
  <testcase name="testdata" time="0.0" classname="Utils.Dataproviderutils"/>
  <testcase name="testdata" time="0.0" classname="Utils.Dataproviderutils"/>
  <testcase name="testdata" time="0.0" classname="Utils.Dataproviderutils"/>
  <testcase name="testdata" time="0.0" classname="Utils.Dataproviderutils"/>
  <testcase name="testdata" time="0.0" classname="Utils.Dataproviderutils"/>
  <testcase name="testdata" time="0.0" classname="Utils.Dataproviderutils"/>
  <testcase name="testdata" time="0.0" classname="Utils.Dataproviderutils"/>
  <testcase name="testdata" time="0.01" classname="Utils.Dataproviderutils"/>
</testsuite> <!-- Default test -->
