<?xml version="1.0" encoding="UTF-8"?>
<!-- Generated by org.testng.reporters.JUnitXMLReporter -->
<testsuite hostname="Admin_SRV-PC" ignored="0" name="Default test" tests="10" failures="0" timestamp="2022-04-09T08:45:37 IST" time="40.087" errors="0">
  <testcase name="finaldata" time="7.48" classname="Excelutils.DataProviderutils"/>
  <testcase name="finaldata" time="2.67" classname="Excelutils.DataProviderutils"/>
  <testcase name="finaldata" time="2.689" classname="Excelutils.DataProviderutils"/>
  <testcase name="finaldata" time="2.69" classname="Excelutils.DataProviderutils"/>
  <testcase name="finaldata" time="2.66" classname="Excelutils.DataProviderutils"/>
  <testcase name="finaldata" time="2.68" classname="Excelutils.DataProviderutils"/>
  <testcase name="finaldata" time="2.65" classname="Excelutils.DataProviderutils"/>
  <testcase name="finaldata" time="2.668" classname="Excelutils.DataProviderutils"/>
  <testcase name="finaldata" time="2.653" classname="Excelutils.DataProviderutils"/>
  <testcase name="finaldata" time="3.64" classname="Excelutils.DataProviderutils"/>
</testsuite> <!-- Default test -->
