<?xml version="1.0" encoding="UTF-8"?>
<testng-results skipped="0" failed="0" ignored="0" total="1" passed="1">
  <reporter-output>
  </reporter-output>
  <suite name="Default suite" duration-ms="1072" started-at="2022-04-08T16:31:47 IST" finished-at="2022-04-08T16:31:48 IST">
    <groups>
    </groups>
    <test name="Default test" duration-ms="1072" started-at="2022-04-08T16:31:47 IST" finished-at="2022-04-08T16:31:48 IST">
      <class name="Excelutils.Excelutils">
        <test-method status="PASS" signature="Exceldata()[pri:0, instance:Excelutils.Excelutils@9273a8]" name="Exceldata" duration-ms="1032" started-at="2022-04-08T16:31:47 IST" finished-at="2022-04-08T16:31:48 IST">
          <reporter-output>
          </reporter-output>
        </test-method> <!-- Exceldata -->
      </class> <!-- Excelutils.Excelutils -->
    </test> <!-- Default test -->
  </suite> <!-- Default suite -->
</testng-results>
